<?xml version="1.0" encoding="UTF-8"?>
<testng-results ignored="0" total="1" passed="1" failed="0" skipped="0">
  <reporter-output>
  </reporter-output>
  <suite started-at="2024-08-05T16:32:04 IST" name="Default suite" finished-at="2024-08-05T16:32:08 IST" duration-ms="4171">
    <groups>
    </groups>
    <test started-at="2024-08-05T16:32:04 IST" name="Default test" finished-at="2024-08-05T16:32:08 IST" duration-ms="4171">
      <class name="mjd1_1.DemoTest2">
        <test-method signature="demoTest2()[pri:0, instance:mjd1_1.DemoTest2@2d7275fc]" started-at="2024-08-05T16:32:04 IST" name="demoTest2" finished-at="2024-08-05T16:32:08 IST" duration-ms="4105" status="PASS">
          <reporter-output>
          </reporter-output>
        </test-method> <!-- demoTest2 -->
      </class> <!-- mjd1_1.DemoTest2 -->
    </test> <!-- Default test -->
  </suite> <!-- Default suite -->
</testng-results>
