<?xml version="1.0" encoding="UTF-8"?>
<testng-results ignored="0" total="1" passed="1" failed="0" skipped="0">
  <reporter-output>
  </reporter-output>
  <suite started-at="2024-08-05T16:40:42 IST" name="Default suite" finished-at="2024-08-05T16:40:47 IST" duration-ms="4470">
    <groups>
    </groups>
    <test started-at="2024-08-05T16:40:42 IST" name="Default test" finished-at="2024-08-05T16:40:47 IST" duration-ms="4470">
      <class name="mjd1_1.DemoTest3">
        <test-method signature="demoTest3()[pri:0, instance:mjd1_1.DemoTest3@2d7275fc]" started-at="2024-08-05T16:40:42 IST" name="demoTest3" finished-at="2024-08-05T16:40:47 IST" duration-ms="4422" status="PASS">
          <reporter-output>
          </reporter-output>
        </test-method> <!-- demoTest3 -->
      </class> <!-- mjd1_1.DemoTest3 -->
    </test> <!-- Default test -->
  </suite> <!-- Default suite -->
</testng-results>
